<?xml version="1.0" encoding="UTF-8"?>
<!-- Generated by org.testng.reporters.JUnitReportReporter -->
<testsuite hostname="sarunay-VAIO" name="TestNG.verify" tests="1" failures="0" timestamp="15 Jun 2019 22:14:02 GMT" time="34.601" errors="0">
  <testcase name="verifyadd" time="34.601" classname="TestNG.verify"/>
</testsuite> <!-- TestNG.verify -->
