<?xml version="1.0" encoding="UTF-8"?>
<!-- Generated by org.testng.reporters.JUnitReportReporter -->
<testsuite skipped="0" hostname="sarunay-VAIO" name="TestNG.NewTest" tests="1" failures="0" timestamp="15 Jun 2019 20:54:46 GMT" time="34.356" errors="0">
  <testcase name="verify" time="34.356" classname="TestNG.NewTest"/>
</testsuite> <!-- TestNG.NewTest -->
